<?xml version="1.0" encoding="UTF-8"?>
<!-- Generated by org.testng.reporters.JUnitReportReporter -->
<testsuite hostname="DESKTOP-93R9A69" failures="0" tests="1" name="com.inetbanking.testCases.TC_AddCustomerTest_003" time="19.079" errors="0" timestamp="09 Feb 2024 10:29:38 GMT" skipped="0">
  <testcase classname="com.inetbanking.testCases.TC_AddCustomerTest_003" name="addNewCustomer" time="19.079"/>
</testsuite> <!-- com.inetbanking.testCases.TC_AddCustomerTest_003 -->
